;  LST file generated by mikroListExporter - v.2.0 
; Date/Time: 03/03/2015 16:33:36
;----------------------------------------------

;Address Opcode 	ASM
0x0000	0xF000EF9D  	GOTO        314
0x0004	0x0000      	NOP
0x0006	0x0000      	NOP
0x0008	0xF000EF00  	GOTO        0
0x000C	0x0000      	NOP
0x000E	0x0000      	NOP
0x0010	0x0000      	NOP
0x0012	0x0000      	NOP
0x0014	0x0000      	NOP
0x0016	0x0000      	NOP
0x0018	0xD7F3      	BRA         0
_lcd_write:
;LCD.c,43 :: 		void lcd_write(char a) {
;LCD.c,44 :: 		delay_ms(1);
0x001C	0x0E03      	MOVLW       3
0x001E	0x6E0C      	MOVWF       R12, 0
0x0020	0x0E97      	MOVLW       151
0x0022	0x6E0D      	MOVWF       R13, 0
L_lcd_write9:
0x0024	0x2E0D      	DECFSZ      R13, 1, 0
0x0026	0xD7FE      	BRA         L_lcd_write9
0x0028	0x2E0C      	DECFSZ      R12, 1, 0
0x002A	0xD7FC      	BRA         L_lcd_write9
0x002C	0x0000      	NOP
0x002E	0x0000      	NOP
;LCD.c,45 :: 		LATC4_bit = 1;
0x0030	0x888B      	BSF         LATC4_bit, BitPos(LATC4_bit+0) 
;LCD.c,46 :: 		PORTB = a;
0x0032	0xFF81C015  	MOVFF       FARG_lcd_write_a, PORTB
;LCD.c,47 :: 		LATA0_bit = 0;
0x0036	0x9089      	BCF         LATA0_bit, BitPos(LATA0_bit+0) 
;LCD.c,48 :: 		delay_ms(1);
0x0038	0x0E03      	MOVLW       3
0x003A	0x6E0C      	MOVWF       R12, 0
0x003C	0x0E97      	MOVLW       151
0x003E	0x6E0D      	MOVWF       R13, 0
L_lcd_write10:
0x0040	0x2E0D      	DECFSZ      R13, 1, 0
0x0042	0xD7FE      	BRA         L_lcd_write10
0x0044	0x2E0C      	DECFSZ      R12, 1, 0
0x0046	0xD7FC      	BRA         L_lcd_write10
0x0048	0x0000      	NOP
0x004A	0x0000      	NOP
;LCD.c,49 :: 		}
L_end_lcd_write:
0x004C	0x0012      	RETURN      0
; end of _lcd_write
___CC2DW:
;__Lib_System.c,21 :: 		
;__Lib_System.c,23 :: 		
_CC2DL_Loop1:
;__Lib_System.c,24 :: 		
0x004E	0x0009      	TBLRD*+
;__Lib_System.c,25 :: 		
0x0050	0xFFE6CFF5  	MOVFF       TABLAT, POSTINC1
;__Lib_System.c,26 :: 		
0x0054	0x0600      	DECF        R0, 1, 0
;__Lib_System.c,27 :: 		
0x0056	0xE1FB      	BNZ         _CC2DL_Loop1
;__Lib_System.c,28 :: 		
0x0058	0x0601      	DECF        R1, 1, 0
;__Lib_System.c,29 :: 		
0x005A	0xE1F9      	BNZ         _CC2DL_Loop1
;__Lib_System.c,31 :: 		
L_end___CC2DW:
0x005C	0x0012      	RETURN      0
; end of ___CC2DW
_init_lcd:
;LCD.c,13 :: 		void init_lcd(){
;LCD.c,14 :: 		TRISA0_bit = 0;  //Enable en sortie
0x005E	0x9092      	BCF         TRISA0_bit, BitPos(TRISA0_bit+0) 
;LCD.c,15 :: 		TRISB = 0x00;    //DB0-7 en sortie (data)
0x0060	0x6A93      	CLRF        TRISB 
;LCD.c,16 :: 		TRISC4_bit = 0;  //RS en sortie
0x0062	0x9894      	BCF         TRISC4_bit, BitPos(TRISC4_bit+0) 
;LCD.c,18 :: 		LATA0_bit = 1;   //E = 1
0x0064	0x8089      	BSF         LATA0_bit, BitPos(LATA0_bit+0) 
;LCD.c,19 :: 		delay_ms(30);
0x0066	0x0E4E      	MOVLW       78
0x0068	0x6E0C      	MOVWF       R12, 0
0x006A	0x0EEB      	MOVLW       235
0x006C	0x6E0D      	MOVWF       R13, 0
L_init_lcd0:
0x006E	0x2E0D      	DECFSZ      R13, 1, 0
0x0070	0xD7FE      	BRA         L_init_lcd0
0x0072	0x2E0C      	DECFSZ      R12, 1, 0
0x0074	0xD7FC      	BRA         L_init_lcd0
;LCD.c,20 :: 		LATC4_bit = 0;   //RS = 0
0x0076	0x988B      	BCF         LATC4_bit, BitPos(LATC4_bit+0) 
;LCD.c,21 :: 		PORTB = 0x3C;    //function set
0x0078	0x0E3C      	MOVLW       60
0x007A	0x6E81      	MOVWF       PORTB 
;LCD.c,22 :: 		LATA0_bit = 0;   //E = 0 (envoi le function set)
0x007C	0x9089      	BCF         LATA0_bit, BitPos(LATA0_bit+0) 
;LCD.c,23 :: 		delay_ms(1);
0x007E	0x0E03      	MOVLW       3
0x0080	0x6E0C      	MOVWF       R12, 0
0x0082	0x0E97      	MOVLW       151
0x0084	0x6E0D      	MOVWF       R13, 0
L_init_lcd1:
0x0086	0x2E0D      	DECFSZ      R13, 1, 0
0x0088	0xD7FE      	BRA         L_init_lcd1
0x008A	0x2E0C      	DECFSZ      R12, 1, 0
0x008C	0xD7FC      	BRA         L_init_lcd1
0x008E	0x0000      	NOP
0x0090	0x0000      	NOP
;LCD.c,24 :: 		LATA0_bit = 1;   //E = 1
0x0092	0x8089      	BSF         LATA0_bit, BitPos(LATA0_bit+0) 
;LCD.c,25 :: 		delay_ms(1);
0x0094	0x0E03      	MOVLW       3
0x0096	0x6E0C      	MOVWF       R12, 0
0x0098	0x0E97      	MOVLW       151
0x009A	0x6E0D      	MOVWF       R13, 0
L_init_lcd2:
0x009C	0x2E0D      	DECFSZ      R13, 1, 0
0x009E	0xD7FE      	BRA         L_init_lcd2
0x00A0	0x2E0C      	DECFSZ      R12, 1, 0
0x00A2	0xD7FC      	BRA         L_init_lcd2
0x00A4	0x0000      	NOP
0x00A6	0x0000      	NOP
;LCD.c,26 :: 		PORTB = 0x0F;    //Display on
0x00A8	0x0E0F      	MOVLW       15
0x00AA	0x6E81      	MOVWF       PORTB 
;LCD.c,27 :: 		LATA0_bit = 0;   //E = 0 (envoi le display)
0x00AC	0x9089      	BCF         LATA0_bit, BitPos(LATA0_bit+0) 
;LCD.c,28 :: 		delay_ms(1);
0x00AE	0x0E03      	MOVLW       3
0x00B0	0x6E0C      	MOVWF       R12, 0
0x00B2	0x0E97      	MOVLW       151
0x00B4	0x6E0D      	MOVWF       R13, 0
L_init_lcd3:
0x00B6	0x2E0D      	DECFSZ      R13, 1, 0
0x00B8	0xD7FE      	BRA         L_init_lcd3
0x00BA	0x2E0C      	DECFSZ      R12, 1, 0
0x00BC	0xD7FC      	BRA         L_init_lcd3
0x00BE	0x0000      	NOP
0x00C0	0x0000      	NOP
;LCD.c,29 :: 		LATA0_bit = 1;   //E = 1
0x00C2	0x8089      	BSF         LATA0_bit, BitPos(LATA0_bit+0) 
;LCD.c,30 :: 		delay_ms(1);
0x00C4	0x0E03      	MOVLW       3
0x00C6	0x6E0C      	MOVWF       R12, 0
0x00C8	0x0E97      	MOVLW       151
0x00CA	0x6E0D      	MOVWF       R13, 0
L_init_lcd4:
0x00CC	0x2E0D      	DECFSZ      R13, 1, 0
0x00CE	0xD7FE      	BRA         L_init_lcd4
0x00D0	0x2E0C      	DECFSZ      R12, 1, 0
0x00D2	0xD7FC      	BRA         L_init_lcd4
0x00D4	0x0000      	NOP
0x00D6	0x0000      	NOP
;LCD.c,31 :: 		PORTB = 0x01;    //Clear
0x00D8	0x0E01      	MOVLW       1
0x00DA	0x6E81      	MOVWF       PORTB 
;LCD.c,32 :: 		LATA0_bit = 0;   //E = 0 (envoi le clear)
0x00DC	0x9089      	BCF         LATA0_bit, BitPos(LATA0_bit+0) 
;LCD.c,33 :: 		delay_ms(1);
0x00DE	0x0E03      	MOVLW       3
0x00E0	0x6E0C      	MOVWF       R12, 0
0x00E2	0x0E97      	MOVLW       151
0x00E4	0x6E0D      	MOVWF       R13, 0
L_init_lcd5:
0x00E6	0x2E0D      	DECFSZ      R13, 1, 0
0x00E8	0xD7FE      	BRA         L_init_lcd5
0x00EA	0x2E0C      	DECFSZ      R12, 1, 0
0x00EC	0xD7FC      	BRA         L_init_lcd5
0x00EE	0x0000      	NOP
0x00F0	0x0000      	NOP
;LCD.c,34 :: 		LATA0_bit = 1;   //E = 1
0x00F2	0x8089      	BSF         LATA0_bit, BitPos(LATA0_bit+0) 
;LCD.c,35 :: 		delay_ms(1);
0x00F4	0x0E03      	MOVLW       3
0x00F6	0x6E0C      	MOVWF       R12, 0
0x00F8	0x0E97      	MOVLW       151
0x00FA	0x6E0D      	MOVWF       R13, 0
L_init_lcd6:
0x00FC	0x2E0D      	DECFSZ      R13, 1, 0
0x00FE	0xD7FE      	BRA         L_init_lcd6
0x0100	0x2E0C      	DECFSZ      R12, 1, 0
0x0102	0xD7FC      	BRA         L_init_lcd6
0x0104	0x0000      	NOP
0x0106	0x0000      	NOP
;LCD.c,36 :: 		PORTB = 0x06;    //Entry mode set(increment mode/entire shift off)
0x0108	0x0E06      	MOVLW       6
0x010A	0x6E81      	MOVWF       PORTB 
;LCD.c,37 :: 		LATA0_bit = 0;   //E = 0 (envoi le entry mode set)
0x010C	0x9089      	BCF         LATA0_bit, BitPos(LATA0_bit+0) 
;LCD.c,38 :: 		delay_ms(1);
0x010E	0x0E03      	MOVLW       3
0x0110	0x6E0C      	MOVWF       R12, 0
0x0112	0x0E97      	MOVLW       151
0x0114	0x6E0D      	MOVWF       R13, 0
L_init_lcd7:
0x0116	0x2E0D      	DECFSZ      R13, 1, 0
0x0118	0xD7FE      	BRA         L_init_lcd7
0x011A	0x2E0C      	DECFSZ      R12, 1, 0
0x011C	0xD7FC      	BRA         L_init_lcd7
0x011E	0x0000      	NOP
0x0120	0x0000      	NOP
;LCD.c,39 :: 		LATA0_bit = 1;   //E = 1
0x0122	0x8089      	BSF         LATA0_bit, BitPos(LATA0_bit+0) 
;LCD.c,40 :: 		delay_ms(1);
0x0124	0x0E03      	MOVLW       3
0x0126	0x6E0C      	MOVWF       R12, 0
0x0128	0x0E97      	MOVLW       151
0x012A	0x6E0D      	MOVWF       R13, 0
L_init_lcd8:
0x012C	0x2E0D      	DECFSZ      R13, 1, 0
0x012E	0xD7FE      	BRA         L_init_lcd8
0x0130	0x2E0C      	DECFSZ      R12, 1, 0
0x0132	0xD7FC      	BRA         L_init_lcd8
0x0134	0x0000      	NOP
0x0136	0x0000      	NOP
;LCD.c,41 :: 		}
L_end_init_lcd:
0x0138	0x0012      	RETURN      0
; end of _init_lcd
_main:
;LCD.c,51 :: 		void main(){
;LCD.c,52 :: 		init_lcd();
0x013A	0xDF91      	RCALL       _init_lcd
;LCD.c,53 :: 		lcd_write('w');
0x013C	0x0E77      	MOVLW       119
0x013E	0x6E15      	MOVWF       FARG_lcd_write_a 
0x0140	0xDF6D      	RCALL       _lcd_write
;LCD.c,54 :: 		}
L_end_main:
0x0142	0xD7FF      	BRA         $+0
; end of _main
Symbol List:
//** Routines locations **
//ADDRESS    SIZE    PROCEDURE
//----------------------------------------------
0x001C      [50]    _lcd_write
0x004E      [16]    ___CC2DW
0x005E     [220]    _init_lcd
0x013A      [10]    _main
//** Variables locations ** 
//ADDRESS    SIZE    VARIABLE
//----------------------------------------------
0x0000       [1]    SPI1_Write_tmp_L0
0x0000       [1]    R0
0x0000       [1]    UART1_Init_tmp_L0
0x0000       [1]    __Lib_SoftI2C_PutZerosToLATScl_temp_scl_L0
0x0000       [1]    FLASH_Erase_64_SaveINTCON_L0
0x0000       [1]    __Lib_SoftI2C_PutZerosToLATSda_temp_sda_L0
0x0000       [1]    EEPROM_Write_SaveINTCON_L0
0x0001       [1]    __Lib_TFT_16bit_JPEG_FileRead_i_L0
0x0001       [1]    __Lib_PS2_Wait_Falling_nsample_L0
0x0001       [1]    FLASH_Erase_Write_64_i_L0
0x0001       [1]    FLASH_Write_8_i_L0
0x0001       [1]    ispunct_rslt_L0
0x0001       [1]    __Lib_TFT_16bit_JPEG_FileReadBytes_Result_L0
0x0001       [1]    __Lib_TFT_JPEG_FileReadBytes_Result_L0
0x0001       [1]    R1
0x0001       [1]    __Lib_TFT_JPEG_FileRead_i_L0
0x0001       [2]    FLASH_Read_N_Bytes_i_L0
0x0001       [1]    UART1_Read___tmp_UART1_Read_L0
0x0002       [1]    FLASH_Erase_Write_64_j_L0
0x0002       [2]    memchr_s_L0
0x0002       [2]    memset_pp_L0
0x0002       [1]    R2
0x0002       [2]    strlen_cp_L0
0x0002       [1]    FLASH_Write_8_SaveINTCON_L0
0x0002       [2]    memcpy_dd_L0
0x0003       [1]    FLASH_Erase_Write_64_SaveINTCON_L0
0x0003       [1]    MM_Init_i_L0
0x0003       [2]    memmove_tt_L0
0x0003       [1]    __Lib_Sprinti_?FLOC____Lib_Sprinti_Do_FillT29
0x0003       [2]    MM_TotalFreeMemSize_Tot_L0
0x0003       [1]    R3
0x0003       [2]    __Lib_MmcFat16_f16_toInt_l_L0
0x0003       [2]    Ltrim_original_L0
0x0004       [2]    __Lib_MemManager_MM_GetMemAlign_P_L0
0x0004       [2]    strncat_cp_L0
0x0004       [2]    frexp_pom_L0
0x0004       [2]    strcpy_cp_L0
0x0004       [2]    memcpy_ss_L0
0x0004       [2]    strcat_cp_L0
0x0004       [1]    R4
0x0004       [1]    __Lib_Sprinti_?FLOC____Lib_Sprinti_Do_FillT40
0x0004       [2]    strncpy_cp_L0
0x0005       [2]    Ltrim_p_L0
0x0005       [1]    R5
0x0005       [1]    MM_TotalFreeMemSize_i_L0
0x0005       [2]    memmove_ff_L0
0x0005       [2]    LongWordToHex_input_half_L0
0x0005       [2]    LongIntToHex_input_half_L0
0x0005       [1]    __Lib_Sprinti_?FLOC____Lib_Sprinti_Do_FillT54
0x0006       [1]    __Lib_Sprinti_?FLOC____Lib_Sprinti_Do_FillT69
0x0006       [1]    __Lib_MemManager_MM_GetMemAlign_i_L0
0x0006       [1]    R6
0x0007       [1]    __Lib_TFT_16bit_JPEG_GenerateHuffmanTables_bLength_L0
0x0007       [1]    __Lib_TFT_JPEG_GenerateHuffmanTables_bLength_L0
0x0007       [1]    R7
0x0008       [1]    R8
0x0008       [1]    __Lib_TFT_16bit_JPEG_GenerateHuffmanTables_bTable_L0
0x0008       [1]    __Lib_TFT_JPEG_GenerateHuffmanTables_bTable_L0
0x0009       [1]    R9
0x0009       [4]    __Lib_MmcFat16_f16_toLong_l_L0
0x000A       [1]    R10
0x000B       [1]    R11
0x000C       [1]    R12
0x000D       [1]    R13
0x000E       [1]    R14
0x000F       [1]    R15
0x0010       [1]    R16
0x0011       [1]    R17
0x0012       [1]    R18
0x0013       [1]    R19
0x0014       [1]    R20
0x0015       [1]    FARG_lcd_write_a
0x0F80       [0]    RA0_bit
0x0F81       [0]    RB6_bit
0x0F81       [0]    RB7_bit
0x0F81       [0]    RB4_bit
0x0F81       [0]    RB5_bit
0x0F81       [1]    PORTB
0x0F82       [0]    RC4_bit
0x0F89       [0]    LATA0_bit
0x0F8B       [0]    LATC4_bit
0x0F92       [0]    TRISA0_bit
0x0F93       [1]    TRISB
0x0F94       [0]    TRISC4_bit
0x0FD8       [1]    STATUS
0x0FD9       [1]    FSR2L
0x0FDA       [1]    FSR2H
0x0FDE       [1]    POSTINC2
0x0FE0       [1]    BSR
0x0FE1       [1]    FSR1L
0x0FE2       [1]    FSR1H
0x0FE4       [1]    PREINC1
0x0FE6       [1]    POSTINC1
0x0FE7       [1]    INDF1
0x0FE8       [1]    WREG
0x0FE9       [1]    FSR0L
0x0FEA       [1]    FSR0H
0x0FEE       [1]    POSTINC0
0x0FF3       [1]    PRODL
0x0FF4       [1]    PRODH
0x0FF5       [1]    TABLAT
0x0FF6       [1]    TBLPTRL
0x0FF7       [1]    TBLPTRH
0x0FF8       [1]    TBLPTRU
//** Label List: ** 
//----------------------------------------------
  L_init_lcd0
  L_init_lcd1
  L_init_lcd2
  L_init_lcd3
  L_init_lcd4
  L_init_lcd5
  L_init_lcd6
  L_init_lcd7
  L_init_lcd8
  L_lcd_write9
  L_lcd_write10
  L_end_init_lcd
  _init_lcd
  L_end_lcd_write
  _lcd_write
  L_end_main
  _main
  _CC2D_Loop1
  _CC2DL_Loop1
  L_loopCA2AWs
  L_loopCCA2AWs
  L_loopCS2Ss
  L_CS2Send
  L_loopCCS2Ss
  L_CCS2Send
  L_loopFZinSWs
  L_longjmp7
  L_end___CC2D
  ___CC2D
  L_end___CC2DW
  ___CC2DW
  L_end___CA2AW
  ___CA2AW
  L_end___CCA2AW
  ___CCA2AW
  L_end___CS2S
  ___CS2S
  L_end___CCS2S
  ___CCS2S
  L_end___FZinS
  ___FZinS
  L_end_____DoIFC
  _____DoIFC
  L_end_Swap
  _Swap
  L_end_setjmp
  _setjmp
  L_end_longjmp
  _longjmp
