;  LST file generated by mikroListExporter - v.2.0 
; Date/Time: 10/03/2015 17:17:09
;----------------------------------------------

;Address Opcode 	ASM
0x0000	0xF000EF54  	GOTO        168
0x0004	0x0000      	NOP
0x0006	0x0000      	NOP
0x0008	0xF000EF00  	GOTO        0
0x000C	0x0000      	NOP
0x000E	0x0000      	NOP
0x0010	0x0000      	NOP
0x0012	0x0000      	NOP
0x0014	0x0000      	NOP
0x0016	0x0000      	NOP
0x0018	0xD7F3      	BRA         0
_Delay_500us:
;__Lib_Delays.c,27 :: 		void Delay_500us() {
;__Lib_Delays.c,28 :: 		Delay_us(498);
0x001C	0x0E87      	MOVLW       135
0x001E	0x6E0D      	MOVWF       R13, 0
L_Delay_500us4:
0x0020	0x2E0D      	DECFSZ      R13, 1, 0
0x0022	0xD7FE      	BRA         L_Delay_500us4
0x0024	0x0000      	NOP
0x0026	0x0000      	NOP
;__Lib_Delays.c,29 :: 		}
L_end_Delay_500us:
0x0028	0x0012      	RETURN      0
; end of _Delay_500us
___CC2DW:
;__Lib_System.c,21 :: 		
;__Lib_System.c,23 :: 		
_CC2DL_Loop1:
;__Lib_System.c,24 :: 		
0x002A	0x0009      	TBLRD*+
;__Lib_System.c,25 :: 		
0x002C	0xFFE6CFF5  	MOVFF       TABLAT, POSTINC1
;__Lib_System.c,26 :: 		
0x0030	0x0600      	DECF        R0, 1, 0
;__Lib_System.c,27 :: 		
0x0032	0xE1FB      	BNZ         _CC2DL_Loop1
;__Lib_System.c,28 :: 		
0x0034	0x0601      	DECF        R1, 1, 0
;__Lib_System.c,29 :: 		
0x0036	0xE1F9      	BNZ         _CC2DL_Loop1
;__Lib_System.c,31 :: 		
L_end___CC2DW:
0x0038	0x0012      	RETURN      0
; end of ___CC2DW
_Button:
;__Lib_Button.c,6 :: 		
;__Lib_Button.c,8 :: 		
0x003A	0x6A1C      	CLRF        Button_rslt_L0 
;__Lib_Button.c,11 :: 		
0x003C	0xF001C018  	MOVFF       FARG_Button_pin, R1
0x0040	0x0E01      	MOVLW       1
0x0042	0x6E00      	MOVWF       R0 
0x0044	0x5001      	MOVF        R1, 0 
L__Button5:
0x0046	0xE004      	BZ          L__Button6
0x0048	0x3600      	RLCF        R0, 1 
0x004A	0x9000      	BCF         R0, 0 
0x004C	0x0FFF      	ADDLW       255
0x004E	0xD7FB      	BRA         L__Button5
L__Button6:
0x0050	0xF01BC000  	MOVFF       R0, Button_pMask_L0
;__Lib_Button.c,13 :: 		
0x0054	0xFFE9C016  	MOVFF       FARG_Button_port, FSR0L
0x0058	0xFFEAC017  	MOVFF       FARG_Button_port+1, FSR0H
0x005C	0x5000      	MOVF        R0, 0 
0x005E	0x14EE      	ANDWF       POSTINC0, 0 
0x0060	0x6E01      	MOVWF       R1 
0x0062	0x5201      	MOVF        R1, 1 
0x0064	0x0E01      	MOVLW       1
0x0066	0xA4D8      	BTFSS       STATUS, 2 
0x0068	0x0E00      	MOVLW       0
0x006A	0x6E00      	MOVWF       R0 
0x006C	0x501A      	MOVF        FARG_Button_active_state, 0 
0x006E	0x1A00      	XORWF       R0, 1 
0x0070	0xE018      	BZ          L_Button0
;__Lib_Button.c,15 :: 		
L_Button1:
0x0072	0x5019      	MOVF        FARG_Button_time_ms, 0 
0x0074	0x0800      	SUBLW       0
0x0076	0xE204      	BC          L_Button2
;__Lib_Button.c,16 :: 		
0x0078	0xDFD1      	RCALL       _Delay_500us
;__Lib_Button.c,17 :: 		
0x007A	0xDFD0      	RCALL       _Delay_500us
;__Lib_Button.c,18 :: 		
0x007C	0x0619      	DECF        FARG_Button_time_ms, 1 
;__Lib_Button.c,19 :: 		
0x007E	0xD7F9      	BRA         L_Button1
L_Button2:
;__Lib_Button.c,21 :: 		
0x0080	0xFFE9C016  	MOVFF       FARG_Button_port, FSR0L
0x0084	0xFFEAC017  	MOVFF       FARG_Button_port+1, FSR0H
0x0088	0x501B      	MOVF        Button_pMask_L0, 0 
0x008A	0x14EE      	ANDWF       POSTINC0, 0 
0x008C	0x6E01      	MOVWF       R1 
0x008E	0x5201      	MOVF        R1, 1 
0x0090	0x0E01      	MOVLW       1
0x0092	0xA4D8      	BTFSS       STATUS, 2 
0x0094	0x0E00      	MOVLW       0
0x0096	0x6E00      	MOVWF       R0 
0x0098	0x501A      	MOVF        FARG_Button_active_state, 0 
0x009A	0x1A00      	XORWF       R0, 1 
0x009C	0xE002      	BZ          L_Button3
;__Lib_Button.c,22 :: 		
0x009E	0x0EFF      	MOVLW       255
0x00A0	0x6E1C      	MOVWF       Button_rslt_L0 
L_Button3:
;__Lib_Button.c,23 :: 		
L_Button0:
;__Lib_Button.c,25 :: 		
0x00A2	0xF000C01C  	MOVFF       Button_rslt_L0, R0
;__Lib_Button.c,26 :: 		
L_end_Button:
0x00A6	0x0012      	RETURN      0
; end of _Button
_main:
;LED.c,3 :: 		void main() {
;LED.c,10 :: 		TRISB0_bit = 1;                                // set RB0 pin as input
0x00A8	0x8093      	BSF         TRISB0_bit, BitPos(TRISB0_bit+0) 
;LED.c,12 :: 		TRISC = 0x00;                                  // Configure PORTC as output
0x00AA	0x6A94      	CLRF        TRISC 
;LED.c,13 :: 		LATC4_bit = 1;                                  // Initial PORTC value
0x00AC	0x888B      	BSF         LATC4_bit, BitPos(LATC4_bit+0) 
;LED.c,14 :: 		oldstate = 0;
0x00AE	0x9015      	BCF         _oldstate, BitPos(_oldstate+0) 
;LED.c,16 :: 		do {
L_main0:
;LED.c,17 :: 		if (Button(&PORTB, 0, 1, 1)) {               // Detect logical one
0x00B0	0x0E81      	MOVLW       PORTB
0x00B2	0x6E16      	MOVWF       FARG_Button_port 
0x00B4	0x0E0F      	MOVLW       hi_addr(PORTB)
0x00B6	0x6E17      	MOVWF       FARG_Button_port+1 
0x00B8	0x6A18      	CLRF        FARG_Button_pin 
0x00BA	0x0E01      	MOVLW       1
0x00BC	0x6E19      	MOVWF       FARG_Button_time_ms 
0x00BE	0x0E01      	MOVLW       1
0x00C0	0x6E1A      	MOVWF       FARG_Button_active_state 
0x00C2	0xDFBB      	RCALL       _Button
0x00C4	0x5200      	MOVF        R0, 1 
0x00C6	0xA4D8      	BTFSS       STATUS, 2 
;LED.c,18 :: 		oldstate = 1;                              // Update flag
0x00C8	0x8015      	BSF         _oldstate, BitPos(_oldstate+0) 
;LED.c,19 :: 		}
L_main3:
;LED.c,20 :: 		if (oldstate && Button(&PORTB, 0, 1, 0)) {   // Detect one-to-zero transition
0x00CA	0xA015      	BTFSS       _oldstate, BitPos(_oldstate+0) 
0x00CC	0xD00D      	BRA         L_main6
0x00CE	0x0E81      	MOVLW       PORTB
0x00D0	0x6E16      	MOVWF       FARG_Button_port 
0x00D2	0x0E0F      	MOVLW       hi_addr(PORTB)
0x00D4	0x6E17      	MOVWF       FARG_Button_port+1 
0x00D6	0x6A18      	CLRF        FARG_Button_pin 
0x00D8	0x0E01      	MOVLW       1
0x00DA	0x6E19      	MOVWF       FARG_Button_time_ms 
0x00DC	0x6A1A      	CLRF        FARG_Button_active_state 
0x00DE	0xDFAD      	RCALL       _Button
0x00E0	0x5200      	MOVF        R0, 1 
0x00E2	0xE002      	BZ          L_main6
L__main7:
;LED.c,21 :: 		LATC4_bit = ~LATC4_bit;                            // Invert PORTC
0x00E4	0x788B      	BTG         LATC4_bit, BitPos(LATC4_bit+0) 
;LED.c,22 :: 		oldstate = 0;                              // Update flag
0x00E6	0x9015      	BCF         _oldstate, BitPos(_oldstate+0) 
;LED.c,23 :: 		}
L_main6:
;LED.c,24 :: 		} while(1);                                    // Endless loop
0x00E8	0xD7E3      	BRA         L_main0
;LED.c,25 :: 		}
L_end_main:
0x00EA	0xD7FF      	BRA         $+0
; end of _main
Symbol List:
//** Routines locations **
//ADDRESS    SIZE    PROCEDURE
//----------------------------------------------
0x001C      [14]    _Delay_500us
0x002A      [16]    ___CC2DW
0x003A     [110]    _Button
0x00A8      [68]    _main
//** Variables locations ** 
//ADDRESS    SIZE    VARIABLE
//----------------------------------------------
0x0000       [1]    EEPROM_Write_SaveINTCON_L0
0x0000       [1]    R0
0x0000       [1]    UART1_Init_tmp_L0
0x0000       [1]    __Lib_SoftI2C_PutZerosToLATScl_temp_scl_L0
0x0000       [1]    SPI1_Write_tmp_L0
0x0000       [1]    __Lib_SoftI2C_PutZerosToLATSda_temp_sda_L0
0x0000       [1]    FLASH_Erase_64_SaveINTCON_L0
0x0001       [1]    R1
0x0001       [1]    __Lib_TFT_16bit_JPEG_FileReadBytes_Result_L0
0x0001       [1]    FLASH_Write_64_i_L0
0x0001       [1]    __Lib_TFT_JPEG_FileRead_i_L0
0x0001       [1]    __Lib_TFT_JPEG_FileReadBytes_Result_L0
0x0001       [1]    __Lib_PS2_Wait_Falling_nsample_L0
0x0001       [1]    FLASH_Erase_Write_64_i_L0
0x0001       [1]    UART1_Read___tmp_UART1_Read_L0
0x0001       [2]    FLASH_Read_N_Bytes_i_L0
0x0001       [1]    ispunct_rslt_L0
0x0001       [1]    __Lib_TFT_16bit_JPEG_FileRead_i_L0
0x0002       [2]    strlen_cp_L0
0x0002       [2]    memcpy_dd_L0
0x0002       [1]    FLASH_Erase_Write_64_j_L0
0x0002       [2]    memchr_s_L0
0x0002       [1]    FLASH_Write_64_SaveINTCON_L0
0x0002       [1]    R2
0x0002       [2]    memset_pp_L0
0x0003       [2]    MM_TotalFreeMemSize_Tot_L0
0x0003       [2]    memmove_tt_L0
0x0003       [1]    MM_Init_i_L0
0x0003       [1]    __Lib_Sprinti_?FLOC____Lib_Sprinti_Do_FillT29
0x0003       [2]    Ltrim_original_L0
0x0003       [1]    R3
0x0003       [1]    FLASH_Erase_Write_64_SaveINTCON_L0
0x0003       [2]    __Lib_MmcFat16_f16_toInt_l_L0
0x0004       [2]    strncat_cp_L0
0x0004       [2]    __Lib_MemManager_MM_GetMemAlign_P_L0
0x0004       [2]    strcat_cp_L0
0x0004       [2]    strncpy_cp_L0
0x0004       [1]    R4
0x0004       [1]    __Lib_Sprinti_?FLOC____Lib_Sprinti_Do_FillT40
0x0004       [2]    memcpy_ss_L0
0x0004       [2]    frexp_pom_L0
0x0004       [2]    strcpy_cp_L0
0x0005       [2]    memmove_ff_L0
0x0005       [2]    LongWordToHex_input_half_L0
0x0005       [1]    R5
0x0005       [2]    LongIntToHex_input_half_L0
0x0005       [2]    Ltrim_p_L0
0x0005       [1]    __Lib_Sprinti_?FLOC____Lib_Sprinti_Do_FillT54
0x0005       [1]    MM_TotalFreeMemSize_i_L0
0x0006       [1]    __Lib_MemManager_MM_GetMemAlign_i_L0
0x0006       [1]    __Lib_Sprinti_?FLOC____Lib_Sprinti_Do_FillT69
0x0006       [1]    R6
0x0007       [1]    R7
0x0007       [1]    __Lib_TFT_16bit_JPEG_GenerateHuffmanTables_bLength_L0
0x0007       [1]    __Lib_TFT_JPEG_GenerateHuffmanTables_bLength_L0
0x0008       [1]    __Lib_TFT_16bit_JPEG_GenerateHuffmanTables_bTable_L0
0x0008       [1]    R8
0x0008       [1]    __Lib_TFT_JPEG_GenerateHuffmanTables_bTable_L0
0x0009       [4]    __Lib_MmcFat16_f16_toLong_l_L0
0x0009       [1]    R9
0x000A       [1]    R10
0x000B       [1]    R11
0x000C       [1]    R12
0x000D       [1]    R13
0x000E       [1]    R14
0x000F       [1]    R15
0x0010       [1]    R16
0x0011       [1]    R17
0x0012       [1]    R18
0x0013       [1]    R19
0x0014       [1]    R20
0x0015       [0]    _oldstate
0x0016       [2]    FARG_Button_port
0x0018       [1]    FARG_Button_pin
0x0019       [1]    FARG_Button_time_ms
0x001A       [1]    FARG_Button_active_state
0x001B       [1]    Button_pMask_L0
0x001C       [1]    Button_rslt_L0
0x0F81       [1]    PORTB
0x0F8B       [0]    LATC4_bit
0x0F93       [0]    TRISB0_bit
0x0F94       [1]    TRISC
0x0FD8       [1]    STATUS
0x0FD9       [1]    FSR2L
0x0FDA       [1]    FSR2H
0x0FDE       [1]    POSTINC2
0x0FE0       [1]    BSR
0x0FE1       [1]    FSR1L
0x0FE2       [1]    FSR1H
0x0FE4       [1]    PREINC1
0x0FE6       [1]    POSTINC1
0x0FE7       [1]    INDF1
0x0FE8       [1]    WREG
0x0FE9       [1]    FSR0L
0x0FEA       [1]    FSR0H
0x0FEE       [1]    POSTINC0
0x0FF3       [1]    PRODL
0x0FF4       [1]    PRODH
0x0FF5       [1]    TABLAT
0x0FF6       [1]    TBLPTRL
0x0FF7       [1]    TBLPTRH
0x0FF8       [1]    TBLPTRU
//** Label List: ** 
//----------------------------------------------
  L_main0
  L_main1
  L_main2
  L_main3
  L_main4
  L_main5
  L_main6
  L__main7
  L_end_main
  _main
  L_Button0
  L_Button1
  L_Button2
  L_Button3
  L_end_Button
  _Button
  L__Button5
  L__Button6
  L_Delay_10us0
  L_Delay_22us1
  L_Delay_50us2
  L_Delay_80us3
  L_Delay_500us4
  L_Delay_5500us5
  L_Delay_1ms6
  L_Delay_5ms7
  L_Delay_8ms8
  L_Delay_100ms9
  L_Delay_10ms10
  L_Delay_1sec11
  L____Boot_Delay4k12
  L____Boot_Delay8k13
  L____Boot_Delay12k14
  L____Boot_Delay16k15
  L____Boot_Delay24k16
  L____Boot_Delay32k17
  L____Boot_Delay48k18
  L____Boot_Delay64k19
  L____Boot_Delay128k20
  L_Delay_Cyc21
  L_Delay_Cyc22
  L_VDelay_ms23
  L_VDelay_ms24
  L_VDelay_ms25
  L_VDelay_Advanced_ms26
  L_VDelay_Advanced_ms27
  L_VDelay_Advanced_ms28
  L_end_Get_Fosc_kHz
  _Get_Fosc_kHz
  L_end_Delay_1us
  _Delay_1us
  L_end_Delay_10us
  _Delay_10us
  L_end_Delay_22us
  _Delay_22us
  L_end_Delay_50us
  _Delay_50us
  L_end_Delay_80us
  _Delay_80us
  L_end_Delay_500us
  _Delay_500us
  L_end_Delay_5500us
  _Delay_5500us
  L_end_Delay_1ms
  _Delay_1ms
  L_end_Delay_5ms
  _Delay_5ms
  L_end_Delay_8ms
  _Delay_8ms
  L_end_Delay_100ms
  _Delay_100ms
  L_end_Delay_10ms
  _Delay_10ms
  L_end_Delay_1sec
  _Delay_1sec
  L_end____Boot_Delay4k
  ____Boot_Delay4k
  L_end____Boot_Delay8k
  ____Boot_Delay8k
  L_end____Boot_Delay12k
  ____Boot_Delay12k
  L_end____Boot_Delay16k
  ____Boot_Delay16k
  L_end____Boot_Delay24k
  ____Boot_Delay24k
  L_end____Boot_Delay32k
  ____Boot_Delay32k
  L_end____Boot_Delay48k
  ____Boot_Delay48k
  L_end____Boot_Delay64k
  ____Boot_Delay64k
  L_end____Boot_Delay128k
  ____Boot_Delay128k
  L_end_Delay_Cyc
  _Delay_Cyc
  L_end_VDelay_ms
  _VDelay_ms
  L__VDelay_ms54
  L__VDelay_ms55
  L__VDelay_ms56
  L_end_VDelay_Advanced_ms
  _VDelay_Advanced_ms
  L__VDelay_Advanced_ms58
  L__VDelay_Advanced_ms59
  L__VDelay_Advanced_ms60
  _CC2D_Loop1
  _CC2DL_Loop1
  L_loopCA2AWs
  L_loopCCA2AWs
  L_loopCS2Ss
  L_CS2Send
  L_loopCCS2Ss
  L_CCS2Send
  L_loopFZinSWs
  L_longjmp7
  L_end___CC2D
  ___CC2D
  L_end___CC2DW
  ___CC2DW
  L_end___CA2AW
  ___CA2AW
  L_end___CCA2AW
  ___CCA2AW
  L_end___CS2S
  ___CS2S
  L_end___CCS2S
  ___CCS2S
  L_end___FZinS
  ___FZinS
  L_end_____DoIFC
  _____DoIFC
  L_end_Swap
  _Swap
  L_end_setjmp
  _setjmp
  L_end_longjmp
  _longjmp
